<?xml version="1.0" encoding="UTF-8"?>
<!-- Generated by org.testng.reporters.JUnitXMLReporter -->
<testsuite ignored="1" hostname="VinothJoghee" failures="0" tests="3" name="Error validation Test" time="37.544" errors="0" timestamp="2024-02-06T18:55:07 IST">
  <testcase classname="vjPractise.tests.ErrorValidations" name="EmailValidation" time="0.551"/>
  <testcase classname="vjPractise.tests.ErrorValidations" name="PwdValidation" time="0.472"/>
  <testcase classname="vjPractise.tests.ErrorValidations" name="loginErrorValidation" time="0.784"/>
  <testcase classname="vjPractise.tests.ErrorValidations" name="productErrorvalidations" time="0.0">
    <ignored/>
  </testcase> <!-- productErrorvalidations -->
</testsuite> <!-- Error validation Test -->
