<?xml version="1.0" encoding="UTF-8"?>
<!-- Generated by org.testng.reporters.JUnitXMLReporter -->
<testsuite ignored="1" hostname="VinothJoghee" failures="0" tests="3" name="Error validation Test" time="37.714" errors="0" timestamp="2024-02-08T22:44:30 IST">
  <testcase classname="vjPractise.tests.ErrorValidations" name="EmailValidation" time="5.05"/>
  <testcase classname="vjPractise.tests.ErrorValidations" name="PwdValidation" time="0.54"/>
  <testcase classname="vjPractise.tests.ErrorValidations" name="loginErrorValidation" time="0.716"/>
  <testcase classname="vjPractise.tests.ErrorValidations" name="productErrorvalidations" time="0.0">
    <ignored/>
  </testcase> <!-- productErrorvalidations -->
</testsuite> <!-- Error validation Test -->
