<?xml version="1.0" encoding="UTF-8"?>
<testng-results ignored="0" total="1" passed="1" failed="0" skipped="0">
  <reporter-output>
  </reporter-output>
  <suite started-at="2024-02-10T13:32:34 IST" name="Default suite" finished-at="2024-02-10T13:32:50 IST" duration-ms="15501">
    <groups>
    </groups>
    <test started-at="2024-02-10T13:32:34 IST" name="Default test" finished-at="2024-02-10T13:32:50 IST" duration-ms="15501">
      <class name="vjPractise.tests.RegisteringNewUser">
        <test-method is-config="true" signature="launchApplication()[pri:0, instance:vjPractise.tests.RegisteringNewUser@2c532cd8]" started-at="2024-02-10T13:32:34 IST" name="launchApplication" finished-at="2024-02-10T13:32:48 IST" duration-ms="13317" status="PASS">
          <reporter-output>
          </reporter-output>
        </test-method> <!-- launchApplication -->
        <test-method signature="registerUser()[pri:0, instance:vjPractise.tests.RegisteringNewUser@2c532cd8]" started-at="2024-02-10T13:32:48 IST" name="registerUser" finished-at="2024-02-10T13:32:49 IST" duration-ms="1739" status="PASS">
          <reporter-output>
          </reporter-output>
        </test-method> <!-- registerUser -->
        <test-method is-config="true" signature="closeBrowser()[pri:0, instance:vjPractise.tests.RegisteringNewUser@2c532cd8]" started-at="2024-02-10T13:32:49 IST" name="closeBrowser" finished-at="2024-02-10T13:32:50 IST" duration-ms="343" status="PASS">
          <reporter-output>
          </reporter-output>
        </test-method> <!-- closeBrowser -->
      </class> <!-- vjPractise.tests.RegisteringNewUser -->
    </test> <!-- Default test -->
  </suite> <!-- Default suite -->
</testng-results>
