<?xml version="1.0" encoding="UTF-8"?>
<testng-results ignored="0" total="3" passed="3" failed="0" skipped="0">
  <reporter-output>
  </reporter-output>
  <suite started-at="2024-02-06T18:54:28 IST" name="Suite" finished-at="2024-02-06T18:55:06 IST" duration-ms="37544">
    <groups>
      <group name="ErrorHandling">
        <method signature="ErrorValidations.EmailValidation()[pri:-1, instance:vjPractise.tests.ErrorValidations@63cd604c]" name="EmailValidation" class="vjPractise.tests.ErrorValidations"/>
        <method signature="ErrorValidations.PwdValidation()[pri:-1, instance:vjPractise.tests.ErrorValidations@63cd604c]" name="PwdValidation" class="vjPractise.tests.ErrorValidations"/>
        <method signature="ErrorValidations.loginErrorValidation()[pri:1, instance:vjPractise.tests.ErrorValidations@63cd604c]" name="loginErrorValidation" class="vjPractise.tests.ErrorValidations"/>
      </group> <!-- ErrorHandling -->
    </groups>
    <test started-at="2024-02-06T18:54:28 IST" name="Error validation Test" finished-at="2024-02-06T18:55:06 IST" duration-ms="37544">
      <class name="vjPractise.tests.ErrorValidations">
        <test-method is-config="true" signature="launchApplication()[pri:0, instance:vjPractise.tests.ErrorValidations@63cd604c]" started-at="2024-02-06T18:54:28 IST" name="launchApplication" finished-at="2024-02-06T18:54:41 IST" duration-ms="12558" status="PASS">
          <reporter-output>
          </reporter-output>
        </test-method> <!-- launchApplication -->
        <test-method signature="EmailValidation()[pri:-1, instance:vjPractise.tests.ErrorValidations@63cd604c]" started-at="2024-02-06T18:54:41 IST" name="EmailValidation" finished-at="2024-02-06T18:54:42 IST" duration-ms="551" status="PASS">
          <reporter-output>
          </reporter-output>
        </test-method> <!-- EmailValidation -->
        <test-method is-config="true" signature="closeBrowser()[pri:0, instance:vjPractise.tests.ErrorValidations@63cd604c]" started-at="2024-02-06T18:54:42 IST" name="closeBrowser" finished-at="2024-02-06T18:54:42 IST" duration-ms="200" status="PASS">
          <reporter-output>
          </reporter-output>
        </test-method> <!-- closeBrowser -->
        <test-method is-config="true" signature="launchApplication()[pri:0, instance:vjPractise.tests.ErrorValidations@63cd604c]" started-at="2024-02-06T18:54:42 IST" name="launchApplication" finished-at="2024-02-06T18:54:53 IST" duration-ms="10909" status="PASS">
          <reporter-output>
          </reporter-output>
        </test-method> <!-- launchApplication -->
        <test-method signature="PwdValidation()[pri:-1, instance:vjPractise.tests.ErrorValidations@63cd604c]" started-at="2024-02-06T18:54:53 IST" name="PwdValidation" finished-at="2024-02-06T18:54:53 IST" duration-ms="472" status="PASS">
          <reporter-output>
          </reporter-output>
        </test-method> <!-- PwdValidation -->
        <test-method is-config="true" signature="closeBrowser()[pri:0, instance:vjPractise.tests.ErrorValidations@63cd604c]" started-at="2024-02-06T18:54:53 IST" name="closeBrowser" finished-at="2024-02-06T18:54:53 IST" duration-ms="207" status="PASS">
          <reporter-output>
          </reporter-output>
        </test-method> <!-- closeBrowser -->
        <test-method is-config="true" signature="launchApplication()[pri:0, instance:vjPractise.tests.ErrorValidations@63cd604c]" started-at="2024-02-06T18:54:53 IST" name="launchApplication" finished-at="2024-02-06T18:55:05 IST" duration-ms="11335" status="PASS">
          <reporter-output>
          </reporter-output>
        </test-method> <!-- launchApplication -->
        <test-method signature="loginErrorValidation()[pri:1, instance:vjPractise.tests.ErrorValidations@63cd604c]" started-at="2024-02-06T18:55:05 IST" name="loginErrorValidation" finished-at="2024-02-06T18:55:05 IST" duration-ms="784" status="PASS">
          <reporter-output>
          </reporter-output>
        </test-method> <!-- loginErrorValidation -->
        <test-method is-config="true" signature="closeBrowser()[pri:0, instance:vjPractise.tests.ErrorValidations@63cd604c]" started-at="2024-02-06T18:55:05 IST" name="closeBrowser" finished-at="2024-02-06T18:55:06 IST" duration-ms="442" status="PASS">
          <reporter-output>
          </reporter-output>
        </test-method> <!-- closeBrowser -->
      </class> <!-- vjPractise.tests.ErrorValidations -->
    </test> <!-- Error validation Test -->
  </suite> <!-- Suite -->
</testng-results>
